INFO: 2022-11-25 15:42:58,693: main() 'Using profile folder /home/micesebi/.config/variety/'
INFO: 2022-11-25 15:42:58,704: perform_upgrade() 'Last run version was 0.8.9 or earlier, current version is 0.8.9'
ERROR: 2022-11-25 15:42:58,704: perform_upgrade() 'Error during version upgrade. Continuing.'
Traceback (most recent call last):
  File "/usr/lib/python3.10/site-packages/variety/VarietyWindow.py", line 2276, in perform_upgrade
    if Util.compare_versions(last_version, "0.4.13") < 0:
  File "/usr/lib/python3.10/site-packages/variety/Util.py", line 768, in compare_versions
    from pkg_resources import parse_version
ModuleNotFoundError: No module named 'pkg_resources'
INFO: 2022-11-25 15:42:58,708: process_command() 'Received command: []'
INFO: 2022-11-25 15:42:58,719: start() 'Using data_path /usr/share/variety'
INFO: 2022-11-25 15:42:58,719: load() 'Jumble loading'
INFO: 2022-11-25 15:42:58,720: _walk_modules() 'Jumble loading module in __init__ from /usr/lib/python3.10/site-packages/variety/plugins/builtin/__init__.py'
INFO: 2022-11-25 15:42:58,724: _walk_modules() 'Jumble loading module in GnomeDisplayModesPlugin from /usr/lib/python3.10/site-packages/variety/plugins/builtin/display_modes/GnomeDisplayModesPlugin.py'
INFO: 2022-11-25 15:42:58,725: load() 'Jumble found plugin class: <class 'GnomeDisplayModesPlugin.GnomeDisplayModesPlugin'>: {'name': 'GnomeDisplayModesPlugin', 'description': 'Display modes relying on the underlying desktop environment', 'version': '1.0', 'author': 'Peter Levi'}'
INFO: 2022-11-25 15:42:58,727: _walk_modules() 'Jumble loading module in LegacyDisplayModesPlugin from /usr/lib/python3.10/site-packages/variety/plugins/builtin/display_modes/LegacyDisplayModesPlugin.py'
INFO: 2022-11-25 15:42:58,729: load() 'Jumble found plugin class: <class 'LegacyDisplayModesPlugin.LegacyDisplayModesPlugin'>: {'name': 'LegacyDisplayModesPlugin', 'description': 'Legacy display mode for compatibility with past Variety versions', 'version': '1.0', 'author': 'Peter Levi'}'
INFO: 2022-11-25 15:42:58,732: _walk_modules() 'Jumble loading module in ResizingDisplayModesPlugin from /usr/lib/python3.10/site-packages/variety/plugins/builtin/display_modes/ResizingDisplayModesPlugin.py'
INFO: 2022-11-25 15:42:58,735: load() 'Jumble found plugin class: <class 'ResizingDisplayModesPlugin.ResizingDisplayModesPlugin'>: {'name': 'ResizingDisplayModesPlugin', 'description': 'Display modes that use image resizing within Variety', 'version': '1.0', 'author': 'Peter Levi'}'
INFO: 2022-11-25 15:42:58,738: _walk_modules() 'Jumble loading module in __init__ from /usr/lib/python3.10/site-packages/variety/plugins/builtin/display_modes/__init__.py'
INFO: 2022-11-25 15:42:58,740: _walk_modules() 'Jumble loading module in APODDownloader from /usr/lib/python3.10/site-packages/variety/plugins/builtin/downloaders/APODDownloader.py'
INFO: 2022-11-25 15:42:58,744: load() 'Jumble found plugin class: <class 'APODDownloader.APODDownloader'>: {'name': 'APODDownloader', 'description': 'NASA Astro Pic of the Day', 'author': 'Peter Levi', 'version': '0.1'}'
INFO: 2022-11-25 15:42:58,746: _walk_modules() 'Jumble loading module in ArtStationDownloader from /usr/lib/python3.10/site-packages/variety/plugins/builtin/downloaders/ArtStationDownloader.py'
INFO: 2022-11-25 15:42:58,750: _walk_modules() 'Jumble loading module in ArtStationSource from /usr/lib/python3.10/site-packages/variety/plugins/builtin/downloaders/ArtStationSource.py'
INFO: 2022-11-25 15:42:58,760: load() 'Jumble found plugin class: <class 'ArtStationSource.ArtStationSource'>: {'name': 'ArtStationSource', 'description': 'Configurable source for fetching images from ArtStation', 'author': 'Denis Gordeev', 'version': '0.1'}'
INFO: 2022-11-25 15:42:58,770: _walk_modules() 'Jumble loading module in BingDownloader from /usr/lib/python3.10/site-packages/variety/plugins/builtin/downloaders/BingDownloader.py'
INFO: 2022-11-25 15:42:58,772: load() 'Jumble found plugin class: <class 'BingDownloader.BingDownloader'>: {'name': 'BingDownloader', 'description': 'Bing Photo of the Day', 'author': 'Peter Levi', 'version': '0.1'}'
INFO: 2022-11-25 15:42:58,773: _walk_modules() 'Jumble loading module in EarthviewDownloader from /usr/lib/python3.10/site-packages/variety/plugins/builtin/downloaders/EarthviewDownloader.py'
INFO: 2022-11-25 15:42:58,775: load() 'Jumble found plugin class: <class 'EarthviewDownloader.EarthviewDownloader'>: {'name': 'EarthviewDownloader', 'description': 'Google Earth View Wallpapers', 'author': 'Peter Levi', 'version': '0.1'}'
INFO: 2022-11-25 15:42:58,777: _walk_modules() 'Jumble loading module in MediaRSSDownloader from /usr/lib/python3.10/site-packages/variety/plugins/builtin/downloaders/MediaRSSDownloader.py'
INFO: 2022-11-25 15:42:58,779: _walk_modules() 'Jumble loading module in MediaRSSSource from /usr/lib/python3.10/site-packages/variety/plugins/builtin/downloaders/MediaRSSSource.py'
INFO: 2022-11-25 15:42:58,782: load() 'Jumble found plugin class: <class 'MediaRSSSource.MediaRSSSource'>: {'name': 'MediaRSSSource', 'description': 'Configurable source for fetching images from MediaRSS feeds', 'author': 'Peter Levi', 'version': '0.1'}'
INFO: 2022-11-25 15:42:58,783: _walk_modules() 'Jumble loading module in NationalGeographicDownloader from /usr/lib/python3.10/site-packages/variety/plugins/builtin/downloaders/NationalGeographicDownloader.py'
INFO: 2022-11-25 15:42:58,785: load() 'Jumble found plugin class: <class 'NationalGeographicDownloader.NationalGeographicDownloader'>: {'name': 'NationalGeographicDownloader', 'description': "National Geographic's photo of the day", 'author': 'Eric Rösch', 'version': '0.1'}'
INFO: 2022-11-25 15:42:58,786: _walk_modules() 'Jumble loading module in RedditDownloader from /usr/lib/python3.10/site-packages/variety/plugins/builtin/downloaders/RedditDownloader.py'
INFO: 2022-11-25 15:42:58,787: _walk_modules() 'Jumble loading module in RedditSource from /usr/lib/python3.10/site-packages/variety/plugins/builtin/downloaders/RedditSource.py'
INFO: 2022-11-25 15:42:58,790: load() 'Jumble found plugin class: <class 'RedditSource.RedditSource'>: {'name': 'RedditSource', 'description': 'Configurable source for fetching images from Reddit', 'author': 'Peter Levi', 'version': '0.1'}'
INFO: 2022-11-25 15:42:58,792: _walk_modules() 'Jumble loading module in UnsplashConfigurableSource from /usr/lib/python3.10/site-packages/variety/plugins/builtin/downloaders/UnsplashConfigurableSource.py'
INFO: 2022-11-25 15:42:58,797: load() 'Jumble found plugin class: <class 'UnsplashConfigurableSource.UnsplashConfigurableSource'>: {'name': 'UnsplashConfigurableSource', 'description': 'Configurable source for fetching photos from Unsplash.com', 'author': 'Peter Levi', 'version': '0.1'}'
INFO: 2022-11-25 15:42:58,798: _walk_modules() 'Jumble loading module in UnsplashDownloader from /usr/lib/python3.10/site-packages/variety/plugins/builtin/downloaders/UnsplashDownloader.py'
INFO: 2022-11-25 15:42:58,800: load() 'Jumble found plugin class: <class 'UnsplashDownloader.UnsplashDownloader'>: {'name': 'UnsplashDownloader', 'description': 'High-resolution photos from Unsplash.com', 'author': 'Peter Levi', 'version': '0.1'}'
INFO: 2022-11-25 15:42:58,806: _walk_modules() 'Jumble loading module in WallhavenDownloader from /usr/lib/python3.10/site-packages/variety/plugins/builtin/downloaders/WallhavenDownloader.py'
INFO: 2022-11-25 15:42:58,814: _walk_modules() 'Jumble loading module in WallhavenLegacyDownloader from /usr/lib/python3.10/site-packages/variety/plugins/builtin/downloaders/WallhavenLegacyDownloader.py'
INFO: 2022-11-25 15:42:58,817: _walk_modules() 'Jumble loading module in WallhavenSource from /usr/lib/python3.10/site-packages/variety/plugins/builtin/downloaders/WallhavenSource.py'
INFO: 2022-11-25 15:42:58,824: load() 'Jumble found plugin class: <class 'WallhavenSource.WallhavenSource'>: {'name': 'WallhavenSource', 'description': 'Configurable source for fetching images from Wallhaven.cc', 'author': 'Peter Levi', 'version': '0.1'}'
INFO: 2022-11-25 15:42:58,826: _walk_modules() 'Jumble loading module in __init__ from /usr/lib/python3.10/site-packages/variety/plugins/builtin/downloaders/__init__.py'
INFO: 2022-11-25 15:42:58,830: _walk_modules() 'Jumble loading module in FortuneSource from /usr/lib/python3.10/site-packages/variety/plugins/builtin/quotes/FortuneSource.py'
INFO: 2022-11-25 15:42:58,834: load() 'Jumble found plugin class: <class 'FortuneSource.FortuneSource'>: {'name': 'UNIX fortune program', 'description': 'Displays quotes using the UNIX fortune program. You may want to install additional fortune packs, e.g. fortunes-bofh-excuses.', 'author': 'Dan Jones', 'version': '0.1'}'
INFO: 2022-11-25 15:42:58,837: _walk_modules() 'Jumble loading module in GoodreadsSource from /usr/lib/python3.10/site-packages/variety/plugins/builtin/quotes/GoodreadsSource.py'
INFO: 2022-11-25 15:42:59,000: load() 'Jumble found plugin class: <class 'GoodreadsSource.GoodreadsSource'>: {'name': 'Goodreads', 'description': 'Fetches quotes from Goodreads.com', 'author': 'Peter Levi', 'version': '0.1'}'
INFO: 2022-11-25 15:42:59,002: _walk_modules() 'Jumble loading module in LocalFilesSource from /usr/lib/python3.10/site-packages/variety/plugins/builtin/quotes/LocalFilesSource.py'
INFO: 2022-11-25 15:42:59,004: load() 'Jumble found plugin class: <class 'LocalFilesSource.LocalFilesSource'>: {'name': 'Local text files', 'description': 'Displays quotes, defined in local text files.\nPut your own txt files in: ~/.config/variety/pluginconfig/quotes/.\nThe file format is:\n\nquote -- author\n.\nsecond quote -- another author\n.\netc...\n\nExample: http://rvelthuis.de/zips/quotes.txt', 'author': 'Peter Levi', 'version': '0.1'}'
INFO: 2022-11-25 15:42:59,006: _walk_modules() 'Jumble loading module in QuotationsPageSource from /usr/lib/python3.10/site-packages/variety/plugins/builtin/quotes/QuotationsPageSource.py'
INFO: 2022-11-25 15:42:59,009: load() 'Jumble found plugin class: <class 'QuotationsPageSource.QuotationsPageSource'>: {'name': 'TheQuotationsPage.com', 'description': 'Fetches quotes from TheQuotationsPage.com', 'author': 'Peter Levi', 'version': '0.1'}'
INFO: 2022-11-25 15:42:59,011: _walk_modules() 'Jumble loading module in UrbanDictionarySource from /usr/lib/python3.10/site-packages/variety/plugins/builtin/quotes/UrbanDictionarySource.py'
INFO: 2022-11-25 15:42:59,012: load() 'Jumble found plugin class: <class 'UrbanDictionarySource.UrbanDictionarySource'>: {'name': 'Urban Dictionary', 'description': 'Displays definitions from Urban Dictionary', 'author': 'James Miller', 'version': '0.1'}'
INFO: 2022-11-25 15:42:59,013: _walk_modules() 'Jumble loading module in __init__ from /usr/lib/python3.10/site-packages/variety/plugins/builtin/quotes/__init__.py'
INFO: 2022-11-25 15:42:59,051: log_options() 'Loaded options:'
INFO: 2022-11-25 15:42:59,052: log_options() 'change_enabled = True'
INFO: 2022-11-25 15:42:59,052: log_options() 'change_interval = 1200'
INFO: 2022-11-25 15:42:59,052: log_options() 'change_on_start = False'
INFO: 2022-11-25 15:42:59,052: log_options() 'clipboard_enabled = False'
INFO: 2022-11-25 15:42:59,052: log_options() 'clipboard_hosts = ['wallhaven.cc', 'wallpapers.net', 'flickr.com', 'imgur.com', 'deviantart.com', 'interfacelift.com', 'vladstudio.com', 'imageshack.us', 'deviantart.net', 'imageshack.com']'
INFO: 2022-11-25 15:42:59,053: log_options() 'clipboard_use_whitelist = True'
INFO: 2022-11-25 15:42:59,053: log_options() 'clock_date_font = Serif 30'
INFO: 2022-11-25 15:42:59,053: log_options() 'clock_enabled = False'
INFO: 2022-11-25 15:42:59,053: log_options() 'clock_filter = -density 100 -font `fc-match -f '%{file[0]}' '%CLOCK_FONT_NAME'` -pointsize %CLOCK_FONT_SIZE -gravity SouthEast -fill '#00000044' -annotate 0x0+[%HOFFSET+58]+[%VOFFSET+108] '%H:%M' -fill white -annotate 0x0+[%HOFFSET+60]+[%VOFFSET+110] '%H:%M' -font `fc-match -f '%{file[0]}' '%DATE_FONT_NAME'` -pointsize %DATE_FONT_SIZE -fill '#00000044' -annotate 0x0+[%HOFFSET+58]+[%VOFFSET+58] '%A, %B %d' -fill white -annotate 0x0+[%HOFFSET+60]+[%VOFFSET+60] '%A, %B %d''
INFO: 2022-11-25 15:42:59,053: log_options() 'clock_font = Serif 70'
INFO: 2022-11-25 15:42:59,053: log_options() 'configfile = /home/micesebi/.config/variety/variety.conf'
INFO: 2022-11-25 15:42:59,053: log_options() 'copyto_enabled = False'
INFO: 2022-11-25 15:42:59,054: log_options() 'copyto_folder = Default'
INFO: 2022-11-25 15:42:59,054: log_options() 'desired_color = [160, 160, 160]'
INFO: 2022-11-25 15:42:59,054: log_options() 'desired_color_enabled = False'
INFO: 2022-11-25 15:42:59,054: log_options() 'download_folder = /home/micesebi/.config/variety/Downloaded'
INFO: 2022-11-25 15:42:59,054: log_options() 'download_preference_ratio = 0.9'
INFO: 2022-11-25 15:42:59,054: log_options() 'favorites_folder = /home/micesebi/.config/variety/Favorites'
INFO: 2022-11-25 15:42:59,055: log_options() 'favorites_operations = [['Downloaded', 'Copy'], ['Fetched', 'Move'], ['Others', 'Copy']]'
INFO: 2022-11-25 15:42:59,055: log_options() 'fetched_folder = /home/micesebi/.config/variety/Fetched'
INFO: 2022-11-25 15:42:59,055: log_options() 'filters = [[False, 'Keep original', ''], [False, 'Grayscale', '-type Grayscale'], [False, 'Heavy blur', '-scale 20% -blur 0x10 -resize 500%'], [False, 'Soft blur', '-scale 20% -blur 0x2 -resize 500%'], [False, 'Oil painting', '-paint 8'], [False, 'Pointilism', '-spread 10 -noise 3'], [False, 'Pixellate', '-scale 3% -scale 3333%']]'
INFO: 2022-11-25 15:42:59,055: log_options() 'get_wallpaper_script = /home/micesebi/.config/variety/scripts/get_wallpaper'
INFO: 2022-11-25 15:42:59,055: log_options() 'icon = Light'
INFO: 2022-11-25 15:42:59,056: log_options() 'internet_enabled = False'
INFO: 2022-11-25 15:42:59,057: log_options() 'lightness_enabled = False'
INFO: 2022-11-25 15:42:59,057: log_options() 'lightness_mode = 0'
INFO: 2022-11-25 15:42:59,057: log_options() 'min_rating = 4'
INFO: 2022-11-25 15:42:59,057: log_options() 'min_rating_enabled = False'
INFO: 2022-11-25 15:42:59,057: log_options() 'min_size = 80'
INFO: 2022-11-25 15:42:59,057: log_options() 'min_size_enabled = False'
INFO: 2022-11-25 15:42:59,057: log_options() 'quota_enabled = True'
INFO: 2022-11-25 15:42:59,057: log_options() 'quota_size = 1000'
INFO: 2022-11-25 15:42:59,058: log_options() 'quotes_authors = '
INFO: 2022-11-25 15:42:59,058: log_options() 'quotes_bg_color = [80, 80, 80]'
INFO: 2022-11-25 15:42:59,058: log_options() 'quotes_bg_opacity = 55'
INFO: 2022-11-25 15:42:59,058: log_options() 'quotes_change_enabled = False'
INFO: 2022-11-25 15:42:59,058: log_options() 'quotes_change_interval = 300'
INFO: 2022-11-25 15:42:59,058: log_options() 'quotes_disabled_sources = ['Urban Dictionary']'
INFO: 2022-11-25 15:42:59,058: log_options() 'quotes_enabled = False'
INFO: 2022-11-25 15:42:59,058: log_options() 'quotes_favorites_file = /home/micesebi/.config/variety/favorite_quotes.txt'
INFO: 2022-11-25 15:42:59,059: log_options() 'quotes_font = Serif 30'
INFO: 2022-11-25 15:42:59,059: log_options() 'quotes_hpos = 100'
INFO: 2022-11-25 15:42:59,059: log_options() 'quotes_max_length = 250'
INFO: 2022-11-25 15:42:59,059: log_options() 'quotes_tags = '
INFO: 2022-11-25 15:42:59,059: log_options() 'quotes_text_color = [255, 255, 255]'
INFO: 2022-11-25 15:42:59,059: log_options() 'quotes_text_shadow = False'
INFO: 2022-11-25 15:42:59,059: log_options() 'quotes_vpos = 40'
INFO: 2022-11-25 15:42:59,060: log_options() 'quotes_width = 70'
INFO: 2022-11-25 15:42:59,060: log_options() 'safe_mode = False'
INFO: 2022-11-25 15:42:59,060: log_options() 'set_wallpaper_script = /home/micesebi/.config/variety/scripts/set_wallpaper'
INFO: 2022-11-25 15:42:59,060: log_options() 'slideshow_custom_enabled = False'
INFO: 2022-11-25 15:42:59,060: log_options() 'slideshow_custom_folder = /home/micesebi/Pictures'
INFO: 2022-11-25 15:42:59,060: log_options() 'slideshow_downloads_enabled = False'
INFO: 2022-11-25 15:42:59,060: log_options() 'slideshow_fade = 0.4'
INFO: 2022-11-25 15:42:59,060: log_options() 'slideshow_favorites_enabled = True'
INFO: 2022-11-25 15:42:59,060: log_options() 'slideshow_mode = Fullscreen'
INFO: 2022-11-25 15:42:59,060: log_options() 'slideshow_monitor = All'
INFO: 2022-11-25 15:42:59,061: log_options() 'slideshow_pan = 0.05'
INFO: 2022-11-25 15:42:59,061: log_options() 'slideshow_seconds = 6.0'
INFO: 2022-11-25 15:42:59,061: log_options() 'slideshow_sort_order = Random'
INFO: 2022-11-25 15:42:59,061: log_options() 'slideshow_sources_enabled = True'
INFO: 2022-11-25 15:42:59,061: log_options() 'slideshow_zoom = 0.2'
INFO: 2022-11-25 15:42:59,061: log_options() 'smart_enabled = False'
INFO: 2022-11-25 15:42:59,061: log_options() 'smart_notice_shown = False'
INFO: 2022-11-25 15:42:59,061: log_options() 'smart_register_shown = False'
INFO: 2022-11-25 15:42:59,061: log_options() 'sources = [[False, 'favorites', 'The Favorites folder'], [False, 'fetched', 'The Fetched folder'], [False, 'folder', '/usr/share/backgrounds'], [False, 'flickr', 'user:www.flickr.com/photos/peter-levi/;user_id:93647178@N00;'], [False, 'apod', "NASA's Astronomy Picture of the Day"], [False, 'bing', 'Bing Photo of the Day'], [False, 'earthview', 'Google Earth View Wallpapers'], [False, 'natgeo', "National Geographic's photo of the day"], [False, 'unsplash', 'High-resolution photos from Unsplash.com'], [True, 'folder', '/home/micesebi/Documents/Wallpaper']]'
INFO: 2022-11-25 15:42:59,063: log_options() 'stats_enabled = True'
INFO: 2022-11-25 15:42:59,063: log_options() 'stats_notice_shown = False'
INFO: 2022-11-25 15:42:59,064: log_options() 'sync_enabled = True'
INFO: 2022-11-25 15:42:59,064: log_options() 'use_landscape_enabled = True'
INFO: 2022-11-25 15:42:59,064: log_options() 'wallhaven_api_key = '
INFO: 2022-11-25 15:42:59,064: log_options() 'wallpaper_auto_rotate = False'
INFO: 2022-11-25 15:42:59,064: log_options() 'wallpaper_display_mode = os'
INFO: 2022-11-25 15:42:59,064: reload_config() 'No need to clear prepared queue'
INFO: 2022-11-25 15:42:59,064: update_indicator() 'Setting file info to: /home/micesebi/Documents/Wallpaper/wallhaven-kx36mq_1920x1080.png'
INFO: 2022-11-25 15:42:59,090: load_banned() 'Missing or invalid banned URLs list, no URLs will be banned'
INFO: 2022-11-25 15:42:59,090: load_last_change_time() 'Change interval < 6 hours, ignore persisted last_change_time, wait initially the whole interval: 1200'
INFO: 2022-11-25 15:42:59,090: update_indicator() 'Setting file info to: /home/micesebi/Documents/Wallpaper/wallhaven-kx36mq_1920x1080.png'
INFO: 2022-11-25 15:42:59,096: regular_change_thread() 'regular_change thread running'
INFO: 2022-11-25 15:42:59,101: prepare_thread() 'Prepare thread running'
INFO: 2022-11-25 15:42:59,101: prepare_thread() 'Prepared buffer contains 0 images'
INFO: 2022-11-25 15:42:59,101: prepare_thread() 'Preparing some images'
INFO: 2022-11-25 15:42:59,108: update_indicator_icon() 'Creating indicator'
INFO: 2022-11-25 15:42:59,148: prepare_thread() 'After search prepared buffer contains 20 images'
WARNING: 2022-11-25 15:42:59,156: create_menu() 'Variety Slideshow is not installed. This is an optional extension adding pan-and-zoom slideshows to Variety: see https://github.com/peterlevi/variety-slideshow for details'
INFO: 2022-11-25 15:42:59,158: create_indicator() 'indicator backend: AppIndicator3'
INFO: 2022-11-25 15:42:59,200: do_set_wp() 'Calling do_set_wp with /home/micesebi/Documents/Wallpaper/wallhaven-kx36mq_1920x1080.png, time: 1669387379.200913'
INFO: 2022-11-25 15:42:59,219: set_from_theme_icon() 'Showing indicator icon variety-indicator from GTK theme'
INFO: 2022-11-25 15:42:59,241: update_indicator() 'Setting file info to: /home/micesebi/Documents/Wallpaper/wallhaven-kx36mq_1920x1080.png'
INFO: 2022-11-25 15:43:01,136: reload() 'Reloading preferences dialog'
INFO: 2022-11-25 15:43:01,154: trigger_download() 'Triggering download thread to check if download needed and possible'
INFO: 2022-11-25 15:44:11,632: set_wallpaper() 'Calling set_wallpaper with /home/micesebi/Documents/Wallpaper/wallhaven-mp6vm8_1920x1080.png'
INFO: 2022-11-25 15:44:11,632: prepare_thread() 'Prepared buffer contains 19 images'
INFO: 2022-11-25 15:44:11,633: do_set_wp() 'Calling do_set_wp with /home/micesebi/Documents/Wallpaper/wallhaven-mp6vm8_1920x1080.png, time: 1669387451.6337044'
INFO: 2022-11-25 15:44:11,656: update_indicator() 'Setting file info to: /home/micesebi/Documents/Wallpaper/wallhaven-mp6vm8_1920x1080.png'
INFO: 2022-11-25 15:44:12,720: set_wallpaper() 'Calling set_wallpaper with /home/micesebi/Documents/Wallpaper/wallhaven-28xo56_1920x1080.png'
INFO: 2022-11-25 15:44:12,720: prepare_thread() 'Prepared buffer contains 18 images'
INFO: 2022-11-25 15:44:12,721: do_set_wp() 'Calling do_set_wp with /home/micesebi/Documents/Wallpaper/wallhaven-28xo56_1920x1080.png, time: 1669387452.721475'
INFO: 2022-11-25 15:44:12,743: update_indicator() 'Setting file info to: /home/micesebi/Documents/Wallpaper/wallhaven-28xo56_1920x1080.png'
INFO: 2022-11-25 15:44:13,633: trigger_download() 'Triggering download thread to check if download needed and possible'
INFO: 2022-11-25 15:44:13,823: set_wallpaper() 'Calling set_wallpaper with /home/micesebi/Documents/Wallpaper/wallhaven-6oxgp6_1920x1080.png'
INFO: 2022-11-25 15:44:13,823: prepare_thread() 'Prepared buffer contains 17 images'
INFO: 2022-11-25 15:44:13,824: do_set_wp() 'Calling do_set_wp with /home/micesebi/Documents/Wallpaper/wallhaven-6oxgp6_1920x1080.png, time: 1669387453.82487'
INFO: 2022-11-25 15:44:13,849: update_indicator() 'Setting file info to: /home/micesebi/Documents/Wallpaper/wallhaven-6oxgp6_1920x1080.png'
INFO: 2022-11-25 15:44:14,721: trigger_download() 'Triggering download thread to check if download needed and possible'
INFO: 2022-11-25 15:44:14,871: set_wallpaper() 'Calling set_wallpaper with /home/micesebi/Documents/Wallpaper/wallhaven-q659e5_1920x1080.png'
INFO: 2022-11-25 15:44:14,871: prepare_thread() 'Prepared buffer contains 16 images'
INFO: 2022-11-25 15:44:14,872: do_set_wp() 'Calling do_set_wp with /home/micesebi/Documents/Wallpaper/wallhaven-q659e5_1920x1080.png, time: 1669387454.8729172'
INFO: 2022-11-25 15:44:14,897: update_indicator() 'Setting file info to: /home/micesebi/Documents/Wallpaper/wallhaven-q659e5_1920x1080.png'
INFO: 2022-11-25 15:44:15,826: trigger_download() 'Triggering download thread to check if download needed and possible'
INFO: 2022-11-25 15:44:15,959: set_wallpaper() 'Calling set_wallpaper with /home/micesebi/Documents/Wallpaper/wallhaven-kx36mq_1920x1080.png'
INFO: 2022-11-25 15:44:15,959: prepare_thread() 'Prepared buffer contains 15 images'
INFO: 2022-11-25 15:44:15,960: do_set_wp() 'Calling do_set_wp with /home/micesebi/Documents/Wallpaper/wallhaven-kx36mq_1920x1080.png, time: 1669387455.96075'
INFO: 2022-11-25 15:44:15,978: update_indicator() 'Setting file info to: /home/micesebi/Documents/Wallpaper/wallhaven-kx36mq_1920x1080.png'
INFO: 2022-11-25 15:44:16,872: trigger_download() 'Triggering download thread to check if download needed and possible'
INFO: 2022-11-25 15:44:17,007: set_wallpaper() 'Calling set_wallpaper with /home/micesebi/Documents/Wallpaper/wallhaven-k7q9m7_1920x1080.png'
INFO: 2022-11-25 15:44:17,007: prepare_thread() 'Prepared buffer contains 14 images'
INFO: 2022-11-25 15:44:17,008: do_set_wp() 'Calling do_set_wp with /home/micesebi/Documents/Wallpaper/wallhaven-k7q9m7_1920x1080.png, time: 1669387457.0088258'
INFO: 2022-11-25 15:44:17,031: update_indicator() 'Setting file info to: /home/micesebi/Documents/Wallpaper/wallhaven-k7q9m7_1920x1080.png'
INFO: 2022-11-25 15:44:17,960: trigger_download() 'Triggering download thread to check if download needed and possible'
INFO: 2022-11-25 15:44:18,079: set_wallpaper() 'Calling set_wallpaper with /home/micesebi/Documents/Wallpaper/wallhaven-6ky2w7_1920x1080.png'
INFO: 2022-11-25 15:44:18,079: prepare_thread() 'Prepared buffer contains 13 images'
INFO: 2022-11-25 15:44:18,080: do_set_wp() 'Calling do_set_wp with /home/micesebi/Documents/Wallpaper/wallhaven-6ky2w7_1920x1080.png, time: 1669387458.080944'
INFO: 2022-11-25 15:44:18,106: update_indicator() 'Setting file info to: /home/micesebi/Documents/Wallpaper/wallhaven-6ky2w7_1920x1080.png'
INFO: 2022-11-25 15:44:19,008: trigger_download() 'Triggering download thread to check if download needed and possible'
INFO: 2022-11-25 15:44:19,192: set_wallpaper() 'Calling set_wallpaper with /home/micesebi/Documents/Wallpaper/wallhaven-j3m8y5_1920x1080.png'
INFO: 2022-11-25 15:44:19,193: prepare_thread() 'Prepared buffer contains 12 images'
INFO: 2022-11-25 15:44:19,194: do_set_wp() 'Calling do_set_wp with /home/micesebi/Documents/Wallpaper/wallhaven-j3m8y5_1920x1080.png, time: 1669387459.19426'
INFO: 2022-11-25 15:44:19,216: update_indicator() 'Setting file info to: /home/micesebi/Documents/Wallpaper/wallhaven-j3m8y5_1920x1080.png'
INFO: 2022-11-25 15:44:20,081: trigger_download() 'Triggering download thread to check if download needed and possible'
INFO: 2022-11-25 15:44:20,239: set_wallpaper() 'Calling set_wallpaper with /home/micesebi/Documents/Wallpaper/wallhaven-73r92e_1920x1080.png'
INFO: 2022-11-25 15:44:20,239: prepare_thread() 'Prepared buffer contains 11 images'
INFO: 2022-11-25 15:44:20,240: do_set_wp() 'Calling do_set_wp with /home/micesebi/Documents/Wallpaper/wallhaven-73r92e_1920x1080.png, time: 1669387460.240529'
INFO: 2022-11-25 15:44:20,263: update_indicator() 'Setting file info to: /home/micesebi/Documents/Wallpaper/wallhaven-73r92e_1920x1080.png'
INFO: 2022-11-25 15:44:21,194: trigger_download() 'Triggering download thread to check if download needed and possible'
INFO: 2022-11-25 15:44:22,240: trigger_download() 'Triggering download thread to check if download needed and possible'
INFO: 2022-11-25 15:44:22,375: set_wallpaper() 'Calling set_wallpaper with /home/micesebi/Documents/Wallpaper/wallhaven-9mjoy1_1920x1080.png'
INFO: 2022-11-25 15:44:22,375: prepare_thread() 'Prepared buffer contains 10 images'
INFO: 2022-11-25 15:44:22,376: prepare_thread() 'Preparing some images'
INFO: 2022-11-25 15:44:22,377: do_set_wp() 'Calling do_set_wp with /home/micesebi/Documents/Wallpaper/wallhaven-9mjoy1_1920x1080.png, time: 1669387462.3776643'
INFO: 2022-11-25 15:44:22,388: prepare_thread() 'After search prepared buffer contains 20 images'
INFO: 2022-11-25 15:44:22,402: update_indicator() 'Setting file info to: /home/micesebi/Documents/Wallpaper/wallhaven-9mjoy1_1920x1080.png'
INFO: 2022-11-25 15:44:24,389: trigger_download() 'Triggering download thread to check if download needed and possible'
INFO: 2022-11-25 16:04:22,718: regular_change_thread() 'regular_change changes wallpaper'
INFO: 2022-11-25 16:04:22,719: set_wallpaper() 'Calling set_wallpaper with /home/micesebi/Documents/Wallpaper/wallhaven-6ky2w7_1920x1080.png'
INFO: 2022-11-25 16:04:22,719: prepare_thread() 'Prepared buffer contains 19 images'
INFO: 2022-11-25 16:04:22,720: do_set_wp() 'Calling do_set_wp with /home/micesebi/Documents/Wallpaper/wallhaven-6ky2w7_1920x1080.png, time: 1669388662.7202828'
INFO: 2022-11-25 16:04:22,738: update_indicator() 'Setting file info to: /home/micesebi/Documents/Wallpaper/wallhaven-6ky2w7_1920x1080.png'
INFO: 2022-11-25 16:04:24,720: trigger_download() 'Triggering download thread to check if download needed and possible'
